Analysis & Synthesis report for mic1
Mon Oct 20 08:39:03 2025
Quartus II 32-bit Version 13.0.1 Build 232 06/12/2013 Service Pack 1 SJ Web Edition


---------------------
; Table of Contents ;
---------------------
  1. Legal Notice
  2. Analysis & Synthesis Summary
  3. Analysis & Synthesis Settings
  4. Parallel Compilation
  5. Analysis & Synthesis Source Files Read
  6. Analysis & Synthesis Resource Usage Summary
  7. Analysis & Synthesis Resource Utilization by Entity
  8. Analysis & Synthesis RAM Summary
  9. Analysis & Synthesis IP Cores Summary
 10. General Register Statistics
 11. Source assignments for Microprogam_Memory:inst|altsyncram:altsyncram_component|altsyncram_a5c1:auto_generated
 12. Parameter Settings for User Entity Instance: Microprogam_Memory:inst|altsyncram:altsyncram_component
 13. Parameter Settings for User Entity Instance: MPC_generator:inst1|lpm_mux0:inst9|LPM_MUX:LPM_MUX_component
 14. altsyncram Parameter Settings by Entity Instance
 15. Elapsed Time Per Partition
 16. Analysis & Synthesis Messages



----------------
; Legal Notice ;
----------------
Copyright (C) 1991-2013 Altera Corporation
Your use of Altera Corporation's design tools, logic functions 
and other software and tools, and its AMPP partner logic 
functions, and any output files from any of the foregoing 
(including device programming or simulation files), and any 
associated documentation or information are expressly subject 
to the terms and conditions of the Altera Program License 
Subscription Agreement, Altera MegaCore Function License 
Agreement, or other applicable license agreement, including, 
without limitation, that your use is for the sole purpose of 
programming logic devices manufactured by Altera and sold by 
Altera or its authorized distributors.  Please refer to the 
applicable agreement for further details.



+--------------------------------------------------------------------------------------+
; Analysis & Synthesis Summary                                                         ;
+------------------------------------+-------------------------------------------------+
; Analysis & Synthesis Status        ; Successful - Mon Oct 20 08:39:03 2025           ;
; Quartus II 32-bit Version          ; 13.0.1 Build 232 06/12/2013 SP 1 SJ Web Edition ;
; Revision Name                      ; mic1                                            ;
; Top-level Entity Name              ; UNIT_CONTROL                                    ;
; Family                             ; Cyclone III                                     ;
; Total logic elements               ; 11                                              ;
;     Total combinational functions  ; 10                                              ;
;     Dedicated logic registers      ; 10                                              ;
; Total registers                    ; 10                                              ;
; Total pins                         ; 57                                              ;
; Total virtual pins                 ; 0                                               ;
; Total memory bits                  ; 18,432                                          ;
; Embedded Multiplier 9-bit elements ; 0                                               ;
; Total PLLs                         ; 0                                               ;
+------------------------------------+-------------------------------------------------+


+----------------------------------------------------------------------------------------------------------------------+
; Analysis & Synthesis Settings                                                                                        ;
+----------------------------------------------------------------------------+--------------------+--------------------+
; Option                                                                     ; Setting            ; Default Value      ;
+----------------------------------------------------------------------------+--------------------+--------------------+
; Top-level entity name                                                      ; UNIT_CONTROL       ; mic1               ;
; Family name                                                                ; Cyclone III        ; Cyclone IV GX      ;
; Use smart compilation                                                      ; Off                ; Off                ;
; Enable parallel Assembler and TimeQuest Timing Analyzer during compilation ; On                 ; On                 ;
; Enable compact report table                                                ; Off                ; Off                ;
; Restructure Multiplexers                                                   ; Auto               ; Auto               ;
; Create Debugging Nodes for IP Cores                                        ; Off                ; Off                ;
; Preserve fewer node names                                                  ; On                 ; On                 ;
; Disable OpenCore Plus hardware evaluation                                  ; Off                ; Off                ;
; Verilog Version                                                            ; Verilog_2001       ; Verilog_2001       ;
; VHDL Version                                                               ; VHDL_1993          ; VHDL_1993          ;
; State Machine Processing                                                   ; Auto               ; Auto               ;
; Safe State Machine                                                         ; Off                ; Off                ;
; Extract Verilog State Machines                                             ; On                 ; On                 ;
; Extract VHDL State Machines                                                ; On                 ; On                 ;
; Ignore Verilog initial constructs                                          ; Off                ; Off                ;
; Iteration limit for constant Verilog loops                                 ; 5000               ; 5000               ;
; Iteration limit for non-constant Verilog loops                             ; 250                ; 250                ;
; Add Pass-Through Logic to Inferred RAMs                                    ; On                 ; On                 ;
; Infer RAMs from Raw Logic                                                  ; On                 ; On                 ;
; Parallel Synthesis                                                         ; On                 ; On                 ;
; DSP Block Balancing                                                        ; Auto               ; Auto               ;
; NOT Gate Push-Back                                                         ; On                 ; On                 ;
; Power-Up Don't Care                                                        ; On                 ; On                 ;
; Remove Redundant Logic Cells                                               ; Off                ; Off                ;
; Remove Duplicate Registers                                                 ; On                 ; On                 ;
; Ignore CARRY Buffers                                                       ; Off                ; Off                ;
; Ignore CASCADE Buffers                                                     ; Off                ; Off                ;
; Ignore GLOBAL Buffers                                                      ; Off                ; Off                ;
; Ignore ROW GLOBAL Buffers                                                  ; Off                ; Off                ;
; Ignore LCELL Buffers                                                       ; Off                ; Off                ;
; Ignore SOFT Buffers                                                        ; On                 ; On                 ;
; Limit AHDL Integers to 32 Bits                                             ; Off                ; Off                ;
; Optimization Technique                                                     ; Balanced           ; Balanced           ;
; Carry Chain Length                                                         ; 70                 ; 70                 ;
; Auto Carry Chains                                                          ; On                 ; On                 ;
; Auto Open-Drain Pins                                                       ; On                 ; On                 ;
; Perform WYSIWYG Primitive Resynthesis                                      ; Off                ; Off                ;
; Auto ROM Replacement                                                       ; On                 ; On                 ;
; Auto RAM Replacement                                                       ; On                 ; On                 ;
; Auto DSP Block Replacement                                                 ; On                 ; On                 ;
; Auto Shift Register Replacement                                            ; Auto               ; Auto               ;
; Allow Shift Register Merging across Hierarchies                            ; Auto               ; Auto               ;
; Auto Clock Enable Replacement                                              ; On                 ; On                 ;
; Strict RAM Replacement                                                     ; Off                ; Off                ;
; Allow Synchronous Control Signals                                          ; On                 ; On                 ;
; Force Use of Synchronous Clear Signals                                     ; Off                ; Off                ;
; Auto RAM Block Balancing                                                   ; On                 ; On                 ;
; Auto RAM to Logic Cell Conversion                                          ; Off                ; Off                ;
; Auto Resource Sharing                                                      ; Off                ; Off                ;
; Allow Any RAM Size For Recognition                                         ; Off                ; Off                ;
; Allow Any ROM Size For Recognition                                         ; Off                ; Off                ;
; Allow Any Shift Register Size For Recognition                              ; Off                ; Off                ;
; Use LogicLock Constraints during Resource Balancing                        ; On                 ; On                 ;
; Ignore translate_off and synthesis_off directives                          ; Off                ; Off                ;
; Timing-Driven Synthesis                                                    ; On                 ; On                 ;
; Report Parameter Settings                                                  ; On                 ; On                 ;
; Report Source Assignments                                                  ; On                 ; On                 ;
; Report Connectivity Checks                                                 ; On                 ; On                 ;
; Ignore Maximum Fan-Out Assignments                                         ; Off                ; Off                ;
; Synchronization Register Chain Length                                      ; 2                  ; 2                  ;
; PowerPlay Power Optimization                                               ; Normal compilation ; Normal compilation ;
; HDL message level                                                          ; Level2             ; Level2             ;
; Suppress Register Optimization Related Messages                            ; Off                ; Off                ;
; Number of Removed Registers Reported in Synthesis Report                   ; 5000               ; 5000               ;
; Number of Swept Nodes Reported in Synthesis Report                         ; 5000               ; 5000               ;
; Number of Inverted Registers Reported in Synthesis Report                  ; 100                ; 100                ;
; Clock MUX Protection                                                       ; On                 ; On                 ;
; Auto Gated Clock Conversion                                                ; Off                ; Off                ;
; Block Design Naming                                                        ; Auto               ; Auto               ;
; SDC constraint protection                                                  ; Off                ; Off                ;
; Synthesis Effort                                                           ; Auto               ; Auto               ;
; Shift Register Replacement - Allow Asynchronous Clear Signal               ; On                 ; On                 ;
; Pre-Mapping Resynthesis Optimization                                       ; Off                ; Off                ;
; Analysis & Synthesis Message Level                                         ; Medium             ; Medium             ;
; Disable Register Merging Across Hierarchies                                ; Auto               ; Auto               ;
; Resource Aware Inference For Block RAM                                     ; On                 ; On                 ;
; Synthesis Seed                                                             ; 1                  ; 1                  ;
+----------------------------------------------------------------------------+--------------------+--------------------+


Parallel compilation was disabled, but you have multiple processors available. Enable parallel compilation to reduce compilation time.
+-------------------------------------+
; Parallel Compilation                ;
+----------------------------+--------+
; Processors                 ; Number ;
+----------------------------+--------+
; Number detected on machine ; 4      ;
; Maximum allowed            ; 1      ;
+----------------------------+--------+


+---------------------------------------------------------------------------------------------------------------------------------------------------------------------------------------------------+
; Analysis & Synthesis Source Files Read                                                                                                                                                            ;
+----------------------------------------------------+-----------------+----------------------------------------+-------------------------------------------------------------------------+---------+
; File Name with User-Entered Path                   ; Used in Netlist ; File Type                              ; File Name with Absolute Path                                            ; Library ;
+----------------------------------------------------+-----------------+----------------------------------------+-------------------------------------------------------------------------+---------+
; lpm_mux0.vhd                                       ; yes             ; User Wizard-Generated File             ; C:/Users/Aluno/Sigma/Projeto-Mic-1-main/lpm_mux0.vhd                    ;         ;
; MPC_generator.bdf                                  ; yes             ; User Block Diagram/Schematic File      ; C:/Users/Aluno/Sigma/Projeto-Mic-1-main/MPC_generator.bdf               ;         ;
; Microprogam_Memory.vhd                             ; yes             ; User Wizard-Generated File             ; C:/Users/Aluno/Sigma/Projeto-Mic-1-main/Microprogam_Memory.vhd          ;         ;
; UNIT_CONTROL.bdf                                   ; yes             ; User Block Diagram/Schematic File      ; C:/Users/Aluno/Sigma/Projeto-Mic-1-main/UNIT_CONTROL.bdf                ;         ;
; altsyncram.tdf                                     ; yes             ; Megafunction                           ; c:/altera/13.0sp1/quartus/libraries/megafunctions/altsyncram.tdf        ;         ;
; stratix_ram_block.inc                              ; yes             ; Megafunction                           ; c:/altera/13.0sp1/quartus/libraries/megafunctions/stratix_ram_block.inc ;         ;
; lpm_mux.inc                                        ; yes             ; Megafunction                           ; c:/altera/13.0sp1/quartus/libraries/megafunctions/lpm_mux.inc           ;         ;
; lpm_decode.inc                                     ; yes             ; Megafunction                           ; c:/altera/13.0sp1/quartus/libraries/megafunctions/lpm_decode.inc        ;         ;
; aglobal130.inc                                     ; yes             ; Megafunction                           ; c:/altera/13.0sp1/quartus/libraries/megafunctions/aglobal130.inc        ;         ;
; a_rdenreg.inc                                      ; yes             ; Megafunction                           ; c:/altera/13.0sp1/quartus/libraries/megafunctions/a_rdenreg.inc         ;         ;
; altrom.inc                                         ; yes             ; Megafunction                           ; c:/altera/13.0sp1/quartus/libraries/megafunctions/altrom.inc            ;         ;
; altram.inc                                         ; yes             ; Megafunction                           ; c:/altera/13.0sp1/quartus/libraries/megafunctions/altram.inc            ;         ;
; altdpram.inc                                       ; yes             ; Megafunction                           ; c:/altera/13.0sp1/quartus/libraries/megafunctions/altdpram.inc          ;         ;
; db/altsyncram_a5c1.tdf                             ; yes             ; Auto-Generated Megafunction            ; C:/Users/Aluno/Sigma/Projeto-Mic-1-main/db/altsyncram_a5c1.tdf          ;         ;
; /users/aluno/control unit validation/microcode.mif ; yes             ; Auto-Found Memory Initialization File  ; /users/aluno/control unit validation/microcode.mif                      ;         ;
; lpm_mux.tdf                                        ; yes             ; Megafunction                           ; c:/altera/13.0sp1/quartus/libraries/megafunctions/lpm_mux.tdf           ;         ;
; muxlut.inc                                         ; yes             ; Megafunction                           ; c:/altera/13.0sp1/quartus/libraries/megafunctions/muxlut.inc            ;         ;
; bypassff.inc                                       ; yes             ; Megafunction                           ; c:/altera/13.0sp1/quartus/libraries/megafunctions/bypassff.inc          ;         ;
; altshift.inc                                       ; yes             ; Megafunction                           ; c:/altera/13.0sp1/quartus/libraries/megafunctions/altshift.inc          ;         ;
; db/mux_g6e.tdf                                     ; yes             ; Auto-Generated Megafunction            ; C:/Users/Aluno/Sigma/Projeto-Mic-1-main/db/mux_g6e.tdf                  ;         ;
+----------------------------------------------------+-----------------+----------------------------------------+-------------------------------------------------------------------------+---------+


+-----------------------------------------------------------+
; Analysis & Synthesis Resource Usage Summary               ;
+---------------------------------------------+-------------+
; Resource                                    ; Usage       ;
+---------------------------------------------+-------------+
; Estimated Total logic elements              ; 11          ;
;                                             ;             ;
; Total combinational functions               ; 10          ;
; Logic element usage by number of LUT inputs ;             ;
;     -- 4 input functions                    ; 1           ;
;     -- 3 input functions                    ; 8           ;
;     -- <=2 input functions                  ; 1           ;
;                                             ;             ;
; Logic elements by mode                      ;             ;
;     -- normal mode                          ; 10          ;
;     -- arithmetic mode                      ; 0           ;
;                                             ;             ;
; Total registers                             ; 10          ;
;     -- Dedicated logic registers            ; 10          ;
;     -- I/O registers                        ; 0           ;
;                                             ;             ;
; I/O pins                                    ; 57          ;
; Total memory bits                           ; 18432       ;
; Embedded Multiplier 9-bit elements          ; 0           ;
; Maximum fan-out node                        ; CLOCK~input ;
; Maximum fan-out                             ; 46          ;
; Total fan-out                               ; 513         ;
; Average fan-out                             ; 3.02        ;
+---------------------------------------------+-------------+


+-----------------------------------------------------------------------------------------------------------------------------------------------------------------------------------------------------------------------------------------------------------------------------+
; Analysis & Synthesis Resource Utilization by Entity                                                                                                                                                                                                                         ;
+-------------------------------------------+-------------------+--------------+-------------+--------------+---------+-----------+------+--------------+------------------------------------------------------------------------------------------------------+--------------+
; Compilation Hierarchy Node                ; LC Combinationals ; LC Registers ; Memory Bits ; DSP Elements ; DSP 9x9 ; DSP 18x18 ; Pins ; Virtual Pins ; Full Hierarchy Name                                                                                  ; Library Name ;
+-------------------------------------------+-------------------+--------------+-------------+--------------+---------+-----------+------+--------------+------------------------------------------------------------------------------------------------------+--------------+
; |UNIT_CONTROL                             ; 10 (0)            ; 10 (1)       ; 18432       ; 0            ; 0       ; 0         ; 57   ; 0            ; |UNIT_CONTROL                                                                                        ; work         ;
;    |MPC_generator:inst1|                  ; 10 (2)            ; 9 (9)        ; 0           ; 0            ; 0       ; 0         ; 0    ; 0            ; |UNIT_CONTROL|MPC_generator:inst1                                                                    ; work         ;
;       |lpm_mux0:inst9|                    ; 8 (0)             ; 0 (0)        ; 0           ; 0            ; 0       ; 0         ; 0    ; 0            ; |UNIT_CONTROL|MPC_generator:inst1|lpm_mux0:inst9                                                     ; work         ;
;          |lpm_mux:LPM_MUX_component|      ; 8 (0)             ; 0 (0)        ; 0           ; 0            ; 0       ; 0         ; 0    ; 0            ; |UNIT_CONTROL|MPC_generator:inst1|lpm_mux0:inst9|lpm_mux:LPM_MUX_component                           ; work         ;
;             |mux_g6e:auto_generated|      ; 8 (8)             ; 0 (0)        ; 0           ; 0            ; 0       ; 0         ; 0    ; 0            ; |UNIT_CONTROL|MPC_generator:inst1|lpm_mux0:inst9|lpm_mux:LPM_MUX_component|mux_g6e:auto_generated    ; work         ;
;    |Microprogam_Memory:inst|              ; 0 (0)             ; 0 (0)        ; 18432       ; 0            ; 0       ; 0         ; 0    ; 0            ; |UNIT_CONTROL|Microprogam_Memory:inst                                                                ; work         ;
;       |altsyncram:altsyncram_component|   ; 0 (0)             ; 0 (0)        ; 18432       ; 0            ; 0       ; 0         ; 0    ; 0            ; |UNIT_CONTROL|Microprogam_Memory:inst|altsyncram:altsyncram_component                                ; work         ;
;          |altsyncram_a5c1:auto_generated| ; 0 (0)             ; 0 (0)        ; 18432       ; 0            ; 0       ; 0         ; 0    ; 0            ; |UNIT_CONTROL|Microprogam_Memory:inst|altsyncram:altsyncram_component|altsyncram_a5c1:auto_generated ; work         ;
+-------------------------------------------+-------------------+--------------+-------------+--------------+---------+-----------+------+--------------+------------------------------------------------------------------------------------------------------+--------------+
Note: For table entries with two numbers listed, the numbers in parentheses indicate the number of resources of the given type used by the specific entity alone. The numbers listed outside of parentheses indicate the total resources of the given type used by the specific entity and all of its sub-entities in the hierarchy.


+-----------------------------------------------------------------------------------------------------------------------------------------------------------------------------------------------------------------------------------+
; Analysis & Synthesis RAM Summary                                                                                                                                                                                                  ;
+---------------------------------------------------------------------------------------------------+------+------+--------------+--------------+--------------+--------------+-------+---------------------------------------------+
; Name                                                                                              ; Type ; Mode ; Port A Depth ; Port A Width ; Port B Depth ; Port B Width ; Size  ; MIF                                         ;
+---------------------------------------------------------------------------------------------------+------+------+--------------+--------------+--------------+--------------+-------+---------------------------------------------+
; Microprogam_Memory:inst|altsyncram:altsyncram_component|altsyncram_a5c1:auto_generated|ALTSYNCRAM ; AUTO ; ROM  ; 512          ; 36           ; --           ; --           ; 18432 ; ../../CONTROL UNIT VALIDATION/microcode.mif ;
+---------------------------------------------------------------------------------------------------+------+------+--------------+--------------+--------------+--------------+-------+---------------------------------------------+


+-----------------------------------------------------------------------------------------------------------------------------------------------------------------------------------+
; Analysis & Synthesis IP Cores Summary                                                                                                                                             ;
+--------+--------------+---------+--------------+--------------+--------------------------------------------------+----------------------------------------------------------------+
; Vendor ; IP Core Name ; Version ; Release Date ; License Type ; Entity Instance                                  ; IP Include File                                                ;
+--------+--------------+---------+--------------+--------------+--------------------------------------------------+----------------------------------------------------------------+
; Altera ; ROM: 1-PORT  ; 13.0    ; N/A          ; N/A          ; |UNIT_CONTROL|Microprogam_Memory:inst            ; C:/Users/Aluno/Sigma/Projeto-Mic-1-main/Microprogam_Memory.vhd ;
; Altera ; LPM_MUX      ; N/A     ; N/A          ; N/A          ; |UNIT_CONTROL|MPC_generator:inst1|lpm_mux0:inst9 ; C:/Users/Aluno/Sigma/Projeto-Mic-1-main/lpm_mux0.vhd           ;
+--------+--------------+---------+--------------+--------------+--------------------------------------------------+----------------------------------------------------------------+


+------------------------------------------------------+
; General Register Statistics                          ;
+----------------------------------------------+-------+
; Statistic                                    ; Value ;
+----------------------------------------------+-------+
; Total registers                              ; 10    ;
; Number of registers using Synchronous Clear  ; 0     ;
; Number of registers using Synchronous Load   ; 0     ;
; Number of registers using Asynchronous Clear ; 0     ;
; Number of registers using Asynchronous Load  ; 0     ;
; Number of registers using Clock Enable       ; 0     ;
; Number of registers using Preset             ; 0     ;
+----------------------------------------------+-------+


+---------------------------------------------------------------------------------------------------------------+
; Source assignments for Microprogam_Memory:inst|altsyncram:altsyncram_component|altsyncram_a5c1:auto_generated ;
+---------------------------------+--------------------+------+-------------------------------------------------+
; Assignment                      ; Value              ; From ; To                                              ;
+---------------------------------+--------------------+------+-------------------------------------------------+
; OPTIMIZE_POWER_DURING_SYNTHESIS ; NORMAL_COMPILATION ; -    ; -                                               ;
+---------------------------------+--------------------+------+-------------------------------------------------+


+------------------------------------------------------------------------------------------------------+
; Parameter Settings for User Entity Instance: Microprogam_Memory:inst|altsyncram:altsyncram_component ;
+------------------------------------+---------------------------------------------+-------------------+
; Parameter Name                     ; Value                                       ; Type              ;
+------------------------------------+---------------------------------------------+-------------------+
; BYTE_SIZE_BLOCK                    ; 8                                           ; Untyped           ;
; AUTO_CARRY_CHAINS                  ; ON                                          ; AUTO_CARRY        ;
; IGNORE_CARRY_BUFFERS               ; OFF                                         ; IGNORE_CARRY      ;
; AUTO_CASCADE_CHAINS                ; ON                                          ; AUTO_CASCADE      ;
; IGNORE_CASCADE_BUFFERS             ; OFF                                         ; IGNORE_CASCADE    ;
; WIDTH_BYTEENA                      ; 1                                           ; Untyped           ;
; OPERATION_MODE                     ; ROM                                         ; Untyped           ;
; WIDTH_A                            ; 36                                          ; Signed Integer    ;
; WIDTHAD_A                          ; 9                                           ; Signed Integer    ;
; NUMWORDS_A                         ; 512                                         ; Signed Integer    ;
; OUTDATA_REG_A                      ; CLOCK0                                      ; Untyped           ;
; ADDRESS_ACLR_A                     ; NONE                                        ; Untyped           ;
; OUTDATA_ACLR_A                     ; NONE                                        ; Untyped           ;
; WRCONTROL_ACLR_A                   ; NONE                                        ; Untyped           ;
; INDATA_ACLR_A                      ; NONE                                        ; Untyped           ;
; BYTEENA_ACLR_A                     ; NONE                                        ; Untyped           ;
; WIDTH_B                            ; 1                                           ; Untyped           ;
; WIDTHAD_B                          ; 1                                           ; Untyped           ;
; NUMWORDS_B                         ; 1                                           ; Untyped           ;
; INDATA_REG_B                       ; CLOCK1                                      ; Untyped           ;
; WRCONTROL_WRADDRESS_REG_B          ; CLOCK1                                      ; Untyped           ;
; RDCONTROL_REG_B                    ; CLOCK1                                      ; Untyped           ;
; ADDRESS_REG_B                      ; CLOCK1                                      ; Untyped           ;
; OUTDATA_REG_B                      ; UNREGISTERED                                ; Untyped           ;
; BYTEENA_REG_B                      ; CLOCK1                                      ; Untyped           ;
; INDATA_ACLR_B                      ; NONE                                        ; Untyped           ;
; WRCONTROL_ACLR_B                   ; NONE                                        ; Untyped           ;
; ADDRESS_ACLR_B                     ; NONE                                        ; Untyped           ;
; OUTDATA_ACLR_B                     ; NONE                                        ; Untyped           ;
; RDCONTROL_ACLR_B                   ; NONE                                        ; Untyped           ;
; BYTEENA_ACLR_B                     ; NONE                                        ; Untyped           ;
; WIDTH_BYTEENA_A                    ; 1                                           ; Signed Integer    ;
; WIDTH_BYTEENA_B                    ; 1                                           ; Untyped           ;
; RAM_BLOCK_TYPE                     ; AUTO                                        ; Untyped           ;
; BYTE_SIZE                          ; 8                                           ; Untyped           ;
; READ_DURING_WRITE_MODE_MIXED_PORTS ; DONT_CARE                                   ; Untyped           ;
; READ_DURING_WRITE_MODE_PORT_A      ; NEW_DATA_NO_NBE_READ                        ; Untyped           ;
; READ_DURING_WRITE_MODE_PORT_B      ; NEW_DATA_NO_NBE_READ                        ; Untyped           ;
; INIT_FILE                          ; ../../CONTROL UNIT VALIDATION/microcode.mif ; Untyped           ;
; INIT_FILE_LAYOUT                   ; PORT_A                                      ; Untyped           ;
; MAXIMUM_DEPTH                      ; 0                                           ; Untyped           ;
; CLOCK_ENABLE_INPUT_A               ; BYPASS                                      ; Untyped           ;
; CLOCK_ENABLE_INPUT_B               ; NORMAL                                      ; Untyped           ;
; CLOCK_ENABLE_OUTPUT_A              ; BYPASS                                      ; Untyped           ;
; CLOCK_ENABLE_OUTPUT_B              ; NORMAL                                      ; Untyped           ;
; CLOCK_ENABLE_CORE_A                ; USE_INPUT_CLKEN                             ; Untyped           ;
; CLOCK_ENABLE_CORE_B                ; USE_INPUT_CLKEN                             ; Untyped           ;
; ENABLE_ECC                         ; FALSE                                       ; Untyped           ;
; ECC_PIPELINE_STAGE_ENABLED         ; FALSE                                       ; Untyped           ;
; WIDTH_ECCSTATUS                    ; 3                                           ; Untyped           ;
; DEVICE_FAMILY                      ; Cyclone III                                 ; Untyped           ;
; CBXI_PARAMETER                     ; altsyncram_a5c1                             ; Untyped           ;
+------------------------------------+---------------------------------------------+-------------------+
Note: In order to hide this table in the UI and the text report file, please set the "Show Parameter Settings in Synthesis Report" option in "Analysis and Synthesis Settings -> More Settings" to "Off".


+-----------------------------------------------------------------------------------------------------------+
; Parameter Settings for User Entity Instance: MPC_generator:inst1|lpm_mux0:inst9|LPM_MUX:LPM_MUX_component ;
+------------------------+-------------+--------------------------------------------------------------------+
; Parameter Name         ; Value       ; Type                                                               ;
+------------------------+-------------+--------------------------------------------------------------------+
; AUTO_CARRY_CHAINS      ; ON          ; AUTO_CARRY                                                         ;
; IGNORE_CARRY_BUFFERS   ; OFF         ; IGNORE_CARRY                                                       ;
; AUTO_CASCADE_CHAINS    ; ON          ; AUTO_CASCADE                                                       ;
; IGNORE_CASCADE_BUFFERS ; OFF         ; IGNORE_CASCADE                                                     ;
; LPM_WIDTH              ; 8           ; Signed Integer                                                     ;
; LPM_SIZE               ; 2           ; Signed Integer                                                     ;
; LPM_WIDTHS             ; 1           ; Signed Integer                                                     ;
; LPM_PIPELINE           ; 0           ; Signed Integer                                                     ;
; CBXI_PARAMETER         ; mux_g6e     ; Untyped                                                            ;
; DEVICE_FAMILY          ; Cyclone III ; Untyped                                                            ;
+------------------------+-------------+--------------------------------------------------------------------+
Note: In order to hide this table in the UI and the text report file, please set the "Show Parameter Settings in Synthesis Report" option in "Analysis and Synthesis Settings -> More Settings" to "Off".


+-----------------------------------------------------------------------------------------------------+
; altsyncram Parameter Settings by Entity Instance                                                    ;
+-------------------------------------------+---------------------------------------------------------+
; Name                                      ; Value                                                   ;
+-------------------------------------------+---------------------------------------------------------+
; Number of entity instances                ; 1                                                       ;
; Entity Instance                           ; Microprogam_Memory:inst|altsyncram:altsyncram_component ;
;     -- OPERATION_MODE                     ; ROM                                                     ;
;     -- WIDTH_A                            ; 36                                                      ;
;     -- NUMWORDS_A                         ; 512                                                     ;
;     -- OUTDATA_REG_A                      ; CLOCK0                                                  ;
;     -- WIDTH_B                            ; 1                                                       ;
;     -- NUMWORDS_B                         ; 1                                                       ;
;     -- ADDRESS_REG_B                      ; CLOCK1                                                  ;
;     -- OUTDATA_REG_B                      ; UNREGISTERED                                            ;
;     -- RAM_BLOCK_TYPE                     ; AUTO                                                    ;
;     -- READ_DURING_WRITE_MODE_MIXED_PORTS ; DONT_CARE                                               ;
+-------------------------------------------+---------------------------------------------------------+


+-------------------------------+
; Elapsed Time Per Partition    ;
+----------------+--------------+
; Partition Name ; Elapsed Time ;
+----------------+--------------+
; Top            ; 00:00:00     ;
+----------------+--------------+


+-------------------------------+
; Analysis & Synthesis Messages ;
+-------------------------------+
Info: *******************************************************************
Info: Running Quartus II 32-bit Analysis & Synthesis
    Info: Version 13.0.1 Build 232 06/12/2013 Service Pack 1 SJ Web Edition
    Info: Processing started: Mon Oct 20 08:39:01 2025
Info: Command: quartus_map --read_settings_files=on --write_settings_files=off mic1 -c mic1
Warning (20028): Parallel compilation is not licensed and has been disabled
Info (12021): Found 2 design units, including 1 entities, in source file lpm_mux0.vhd
    Info (12022): Found design unit 1: lpm_mux0-SYN
    Info (12023): Found entity 1: lpm_mux0
Info (12021): Found 1 design units, including 1 entities, in source file decoder_2x4.bdf
    Info (12023): Found entity 1: decoder_2x4
Info (12021): Found 1 design units, including 1 entities, in source file full_adder_1bit.bdf
    Info (12023): Found entity 1: full_adder_1bit
Info (12021): Found 1 design units, including 1 entities, in source file ula_1bit.bdf
    Info (12023): Found entity 1: ULA_1bit
Info (12021): Found 1 design units, including 1 entities, in source file ula_8bit.bdf
    Info (12023): Found entity 1: ULA_8bit
Info (12021): Found 1 design units, including 1 entities, in source file ula_32bit.bdf
    Info (12023): Found entity 1: ULA_32bit
Info (12021): Found 1 design units, including 1 entities, in source file shifter.bdf
    Info (12023): Found entity 1: shifter
Info (12021): Found 1 design units, including 1 entities, in source file register_8bit.bdf
    Info (12023): Found entity 1: register_8bit
Info (12021): Found 1 design units, including 1 entities, in source file register_32bit.bdf
    Info (12023): Found entity 1: register_32bit
Info (12021): Found 1 design units, including 1 entities, in source file sra1.bdf
    Info (12023): Found entity 1: sra1
Info (12021): Found 1 design units, including 1 entities, in source file sll8.bdf
    Info (12023): Found entity 1: sll8
Info (12021): Found 1 design units, including 1 entities, in source file control_unit.bdf
    Info (12023): Found entity 1: control_unit
Info (12021): Found 1 design units, including 1 entities, in source file mpc_generator.bdf
    Info (12023): Found entity 1: MPC_generator
Info (12021): Found 2 design units, including 1 entities, in source file microprogam_memory.vhd
    Info (12022): Found design unit 1: microprogam_memory-SYN
    Info (12023): Found entity 1: Microprogam_Memory
Info (12021): Found 1 design units, including 1 entities, in source file unit_control.bdf
    Info (12023): Found entity 1: UNIT_CONTROL
Info (12127): Elaborating entity "UNIT_CONTROL" for the top level hierarchy
Info (12128): Elaborating entity "Microprogam_Memory" for hierarchy "Microprogam_Memory:inst"
Info (12128): Elaborating entity "altsyncram" for hierarchy "Microprogam_Memory:inst|altsyncram:altsyncram_component"
Info (12130): Elaborated megafunction instantiation "Microprogam_Memory:inst|altsyncram:altsyncram_component"
Info (12133): Instantiated megafunction "Microprogam_Memory:inst|altsyncram:altsyncram_component" with the following parameter:
    Info (12134): Parameter "address_aclr_a" = "NONE"
    Info (12134): Parameter "clock_enable_input_a" = "BYPASS"
    Info (12134): Parameter "clock_enable_output_a" = "BYPASS"
    Info (12134): Parameter "init_file" = "../../CONTROL UNIT VALIDATION/microcode.mif"
    Info (12134): Parameter "intended_device_family" = "Cyclone III"
    Info (12134): Parameter "lpm_hint" = "ENABLE_RUNTIME_MOD=NO"
    Info (12134): Parameter "lpm_type" = "altsyncram"
    Info (12134): Parameter "numwords_a" = "512"
    Info (12134): Parameter "operation_mode" = "ROM"
    Info (12134): Parameter "outdata_aclr_a" = "NONE"
    Info (12134): Parameter "outdata_reg_a" = "CLOCK0"
    Info (12134): Parameter "widthad_a" = "9"
    Info (12134): Parameter "width_a" = "36"
    Info (12134): Parameter "width_byteena_a" = "1"
Info (12021): Found 1 design units, including 1 entities, in source file db/altsyncram_a5c1.tdf
    Info (12023): Found entity 1: altsyncram_a5c1
Info (12128): Elaborating entity "altsyncram_a5c1" for hierarchy "Microprogam_Memory:inst|altsyncram:altsyncram_component|altsyncram_a5c1:auto_generated"
Info (12128): Elaborating entity "MPC_generator" for hierarchy "MPC_generator:inst1"
Info (12128): Elaborating entity "lpm_mux0" for hierarchy "MPC_generator:inst1|lpm_mux0:inst9"
Info (12128): Elaborating entity "LPM_MUX" for hierarchy "MPC_generator:inst1|lpm_mux0:inst9|LPM_MUX:LPM_MUX_component"
Info (12130): Elaborated megafunction instantiation "MPC_generator:inst1|lpm_mux0:inst9|LPM_MUX:LPM_MUX_component"
Info (12133): Instantiated megafunction "MPC_generator:inst1|lpm_mux0:inst9|LPM_MUX:LPM_MUX_component" with the following parameter:
    Info (12134): Parameter "LPM_WIDTH" = "8"
    Info (12134): Parameter "LPM_SIZE" = "2"
    Info (12134): Parameter "LPM_WIDTHS" = "1"
    Info (12134): Parameter "LPM_PIPELINE" = "0"
    Info (12134): Parameter "LPM_TYPE" = "LPM_MUX"
    Info (12134): Parameter "LPM_HINT" = "UNUSED"
Info (12021): Found 1 design units, including 1 entities, in source file db/mux_g6e.tdf
    Info (12023): Found entity 1: mux_g6e
Info (12128): Elaborating entity "mux_g6e" for hierarchy "MPC_generator:inst1|lpm_mux0:inst9|LPM_MUX:LPM_MUX_component|mux_g6e:auto_generated"
Info (286030): Timing-Driven Synthesis is running
Info (16010): Generating hard_block partition "hard_block:auto_generated_inst"
    Info (16011): Adding 0 node(s), including 0 DDIO, 0 PLL, 0 transceiver and 0 LCELL
Info (21057): Implemented 104 device resources after synthesis - the final resource count might be different
    Info (21058): Implemented 11 input pins
    Info (21059): Implemented 46 output pins
    Info (21061): Implemented 11 logic cells
    Info (21064): Implemented 36 RAM segments
Info: Quartus II 32-bit Analysis & Synthesis was successful. 0 errors, 1 warning
    Info: Peak virtual memory: 410 megabytes
    Info: Processing ended: Mon Oct 20 08:39:03 2025
    Info: Elapsed time: 00:00:02
    Info: Total CPU time (on all processors): 00:00:02


